2024-12-26 22:00:57.193 [info] Getting Manifest... catppuccin.catppuccin-vsc-pack
2024-12-26 22:00:59.650 [info] Installing extension: catppuccin.catppuccin-vsc-pack {"isMachineScoped":false,"installPreReleaseVersion":false,"pinned":false,"profileLocation":{"$mid":1,"external":"vscode-userdata:/home/chris/.vscode-oss/extensions/extensions.json","path":"/home/chris/.vscode-oss/extensions/extensions.json","scheme":"vscode-userdata"},"installOnlyNewlyAddedFromExtensionPack":true,"isApplicationScoped":false,"productVersion":{"version":"1.96.2","date":"2024-12-21T00:45:47.611Z"}}
2024-12-26 22:01:00.224 [info] Getting Manifest... catppuccin.catppuccin-vsc-icons
2024-12-26 22:01:00.944 [info] Getting Manifest... catppuccin.catppuccin-vsc
2024-12-26 22:01:01.889 [info] Installing extension: catppuccin.catppuccin-vsc-icons {"isMachineScoped":false,"installPreReleaseVersion":false,"pinned":false,"profileLocation":{"$mid":1,"external":"vscode-userdata:/home/chris/.vscode-oss/extensions/extensions.json","path":"/home/chris/.vscode-oss/extensions/extensions.json","scheme":"vscode-userdata"},"installOnlyNewlyAddedFromExtensionPack":true,"isApplicationScoped":false,"productVersion":{"version":"1.96.2","date":"2024-12-21T00:45:47.611Z"},"context":{"dependecyOrPackExtensionInstall":true}}
2024-12-26 22:01:01.889 [info] Installing extension: catppuccin.catppuccin-vsc {"isMachineScoped":false,"installPreReleaseVersion":false,"pinned":false,"profileLocation":{"$mid":1,"external":"vscode-userdata:/home/chris/.vscode-oss/extensions/extensions.json","path":"/home/chris/.vscode-oss/extensions/extensions.json","scheme":"vscode-userdata"},"installOnlyNewlyAddedFromExtensionPack":true,"isApplicationScoped":false,"productVersion":{"version":"1.96.2","date":"2024-12-21T00:45:47.611Z"},"context":{"dependecyOrPackExtensionInstall":true}}
2024-12-26 22:01:02.940 [info] Extracted extension to file:///home/chris/.vscode-oss/extensions/catppuccin.catppuccin-vsc-pack-1.0.2-universal: catppuccin.catppuccin-vsc-pack
2024-12-26 22:01:02.945 [info] Renamed to /home/chris/.vscode-oss/extensions/catppuccin.catppuccin-vsc-pack-1.0.2-universal
2024-12-26 22:01:03.043 [error] [uncaught exception in sharedProcess]: Error: ENOENT: no such file or directory, stat '/home/chris/.vscode-oss/extensions/extensions.json.vsctmp': EntryNotFound (FileSystemError): Error: ENOENT: no such file or directory, stat '/home/chris/.vscode-oss/extensions/extensions.json.vsctmp'
    at Kv.create (file:///opt/vscodium-bin/resources/app/out/vs/code/electron-utility/sharedProcess/sharedProcessMain.js:35:44554)
    at xi (file:///opt/vscodium-bin/resources/app/out/vs/code/electron-utility/sharedProcess/sharedProcessMain.js:35:44661)
    at jn.toFileSystemProviderError (file:///opt/vscodium-bin/resources/app/out/vs/code/electron-utility/sharedProcess/sharedProcessMain.js:78:28652)
    at jn.stat (file:///opt/vscodium-bin/resources/app/out/vs/code/electron-utility/sharedProcess/sharedProcessMain.js:78:20509)
    at async vu.stat (file:///opt/vscodium-bin/resources/app/out/vs/code/electron-utility/sharedProcess/sharedProcessMain.js:77:103140)
    at async du.onDidFilesChange (file:///opt/vscodium-bin/resources/app/out/vs/code/electron-utility/sharedProcess/sharedProcessMain.js:77:80829)
2024-12-26 22:01:04.146 [info] Extracted extension to file:///home/chris/.vscode-oss/extensions/catppuccin.catppuccin-vsc-3.15.2-universal: catppuccin.catppuccin-vsc
2024-12-26 22:01:04.150 [info] Renamed to /home/chris/.vscode-oss/extensions/catppuccin.catppuccin-vsc-3.15.2-universal
2024-12-26 22:01:04.234 [error] [uncaught exception in sharedProcess]: Error: ENOENT: no such file or directory, stat '/home/chris/.vscode-oss/extensions/extensions.json.vsctmp': EntryNotFound (FileSystemError): Error: ENOENT: no such file or directory, stat '/home/chris/.vscode-oss/extensions/extensions.json.vsctmp'
    at Kv.create (file:///opt/vscodium-bin/resources/app/out/vs/code/electron-utility/sharedProcess/sharedProcessMain.js:35:44554)
    at xi (file:///opt/vscodium-bin/resources/app/out/vs/code/electron-utility/sharedProcess/sharedProcessMain.js:35:44661)
    at jn.toFileSystemProviderError (file:///opt/vscodium-bin/resources/app/out/vs/code/electron-utility/sharedProcess/sharedProcessMain.js:78:28652)
    at jn.stat (file:///opt/vscodium-bin/resources/app/out/vs/code/electron-utility/sharedProcess/sharedProcessMain.js:78:20509)
    at async vu.stat (file:///opt/vscodium-bin/resources/app/out/vs/code/electron-utility/sharedProcess/sharedProcessMain.js:77:103140)
    at async du.onDidFilesChange (file:///opt/vscodium-bin/resources/app/out/vs/code/electron-utility/sharedProcess/sharedProcessMain.js:77:80829)
2024-12-26 22:01:47.008 [info] Extracted extension to file:///home/chris/.vscode-oss/extensions/catppuccin.catppuccin-vsc-icons-1.17.0-universal: catppuccin.catppuccin-vsc-icons
2024-12-26 22:01:47.067 [info] Renamed to /home/chris/.vscode-oss/extensions/catppuccin.catppuccin-vsc-icons-1.17.0-universal
2024-12-26 22:01:47.082 [info] Extension installed successfully: catppuccin.catppuccin-vsc-pack vscode-userdata:/home/chris/.vscode-oss/extensions/extensions.json
2024-12-26 22:01:47.082 [info] Extension installed successfully: catppuccin.catppuccin-vsc vscode-userdata:/home/chris/.vscode-oss/extensions/extensions.json
2024-12-26 22:01:47.082 [info] Extension installed successfully: catppuccin.catppuccin-vsc-icons vscode-userdata:/home/chris/.vscode-oss/extensions/extensions.json
2024-12-26 22:01:47.151 [error] [uncaught exception in sharedProcess]: Error: ENOENT: no such file or directory, stat '/home/chris/.vscode-oss/extensions/extensions.json.vsctmp': EntryNotFound (FileSystemError): Error: ENOENT: no such file or directory, stat '/home/chris/.vscode-oss/extensions/extensions.json.vsctmp'
    at Kv.create (file:///opt/vscodium-bin/resources/app/out/vs/code/electron-utility/sharedProcess/sharedProcessMain.js:35:44554)
    at xi (file:///opt/vscodium-bin/resources/app/out/vs/code/electron-utility/sharedProcess/sharedProcessMain.js:35:44661)
    at jn.toFileSystemProviderError (file:///opt/vscodium-bin/resources/app/out/vs/code/electron-utility/sharedProcess/sharedProcessMain.js:78:28652)
    at jn.stat (file:///opt/vscodium-bin/resources/app/out/vs/code/electron-utility/sharedProcess/sharedProcessMain.js:78:20509)
    at async vu.stat (file:///opt/vscodium-bin/resources/app/out/vs/code/electron-utility/sharedProcess/sharedProcessMain.js:77:103140)
    at async du.onDidFilesChange (file:///opt/vscodium-bin/resources/app/out/vs/code/electron-utility/sharedProcess/sharedProcessMain.js:77:80829)
