00:00:00.116615 VirtualBox GUI VM Selector Window 7.1.4 r165100 linux.amd64 (Oct 15 2024 16:00:51) release log
00:00:00.116616 Log opened 2024-11-08T18:57:24.505979000Z
00:00:00.116617 Build Type: release
00:00:00.116618 OS Product: Linux
00:00:00.116619 OS Release: 6.11.6-arch1-1
00:00:00.116619 OS Version: #1 SMP PREEMPT_DYNAMIC Fri, 01 Nov 2024 03:30:41 +0000
00:00:00.116635 DMI Product Name: HP Pavilion Laptop 15-eg3xxx
00:00:00.116641 DMI Product Version: 
00:00:00.116645 Firmware type: UEFI
00:00:00.116935 Secure Boot: Disabled
00:00:00.116964 Host RAM: 15634MB (15.2GB) total, 12242MB (11.9GB) available
00:00:00.116966 Executable: /usr/lib/virtualbox/VirtualBox
00:00:00.116966 Process ID: 59871
00:00:00.116967 Package type: LINUX_64BITS_GENERIC (OSE)
00:00:00.116988 Qt version: 6.8.0
00:00:00.117435 GUI: UIMediumEnumerator: Initial medium-enumeration finished!
00:00:00.121049 GUI: UIMediumEnumerator: Medium-enumeration started...
00:00:00.384596 GUI: UIMediumEnumerator: Medium-enumeration finished!
00:00:00.411762 GUI: UIDesktopWidgetWatchdog::sltHandleHostScreenAvailableGeometryCalculated: Screen 0 work area is actually resized to: 560x140 x 798x798
00:00:21.653016 GUI: UIMediumEnumerator: Medium-enumeration finished!
00:00:48.967651 GUI: UIMediumEnumerator: Medium-enumeration finished!
00:01:41.646764 GUI: UIMediumEnumerator: Medium-enumeration finished!
00:02:46.197746 GUI: UICommon: Handling aboutToQuit request..
00:02:46.926880 GUI: UICommon: aboutToQuit request handled!
